app/build/outputs/logs/manifest-merger-debug-report.txt
-- Merging decision tree log ---
manifest
ADDED from src/main/AndroidManifest.xml:2:1-55:12
INJECTED from src/main/AndroidManifest.xml:2:1-55:12
INJECTED from src/main/AndroidManifest.xml:2:1-55:12
INJECTED from src/main/AndroidManifest.xml:2:1-55:12
MERGED from [com.android.support:appcompat-v7:23.1.1] AndroidManifest.xml:17:1-24:12
MERGED from [com.android.support:support-v4:23.1.1] AndroidManifest.xml:17:1-24:12
INJECTED from src/main/AndroidManifest.xml:2:1-55:12
INJECTED from src/main/AndroidManifest.xml:2:1-55:12
INJECTED from src/main/AndroidManifest.xml:2:1-55:12
	package
		ADDED from src/main/AndroidManifest.xml:3:5-40
		INJECTED from src/main/AndroidManifest.xml
		INJECTED from src/main/AndroidManifest.xml
	android:versionName
		ADDED from src/main/AndroidManifest.xml:5:5-30
		INJECTED from src/main/AndroidManifest.xml
		INJECTED from src/main/AndroidManifest.xml
	xmlns:android
		ADDED from src/main/AndroidManifest.xml:2:11-69
	android:versionCode
		ADDED from src/main/AndroidManifest.xml:4:5-28
		INJECTED from src/main/AndroidManifest.xml
		INJECTED from src/main/AndroidManifest.xml
uses-permission#android.permission.WAKE_LOCK
ADDED from src/main/AndroidManifest.xml:7:5-68
	android:name
		ADDED from src/main/AndroidManifest.xml:7:22-65
uses-permission#android.permission.INTERNET
ADDED from src/main/AndroidManifest.xml:8:5-67
	android:name
		ADDED from src/main/AndroidManifest.xml:8:22-64
uses-sdk
ADDED from src/main/AndroidManifest.xml:10:5-12:41
INJECTED from src/main/AndroidManifest.xml:10:5-12:41
INJECTED from src/main/AndroidManifest.xml:10:5-12:41
MERGED from [com.android.support:appcompat-v7:23.1.1] AndroidManifest.xml:20:5-43
MERGED from [com.android.support:appcompat-v7:23.1.1] AndroidManifest.xml:20:5-43
MERGED from [com.android.support:support-v4:23.1.1] AndroidManifest.xml:20:5-43
MERGED from [com.android.support:support-v4:23.1.1] AndroidManifest.xml:20:5-43
INJECTED from src/main/AndroidManifest.xml:10:5-12:41
INJECTED from src/main/AndroidManifest.xml:10:5-12:41
	android:targetSdkVersion
		ADDED from src/main/AndroidManifest.xml:12:9-38
		INJECTED from src/main/AndroidManifest.xml
		INJECTED from src/main/AndroidManifest.xml
	android:minSdkVersion
		ADDED from src/main/AndroidManifest.xml:11:9-34
		INJECTED from src/main/AndroidManifest.xml
		INJECTED from src/main/AndroidManifest.xml
application
ADDED from src/main/AndroidManifest.xml:14:5-53:19
MERGED from [com.android.support:appcompat-v7:23.1.1] AndroidManifest.xml:22:5-20
MERGED from [com.android.support:appcompat-v7:23.1.1] AndroidManifest.xml:22:5-20
MERGED from [com.android.support:support-v4:23.1.1] AndroidManifest.xml:22:5-20
MERGED from [com.android.support:support-v4:23.1.1] AndroidManifest.xml:22:5-20
	android:label
		ADDED from src/main/AndroidManifest.xml:17:9-41
	android:icon
		ADDED from src/main/AndroidManifest.xml:16:9-45
	android:allowBackup
		ADDED from src/main/AndroidManifest.xml:15:9-35
	android:theme
		ADDED from src/main/AndroidManifest.xml:18:9-51
activity#com.experitest.ExperiBank.LoginActivity
ADDED from src/main/AndroidManifest.xml:19:9-28:20
	android:label
		ADDED from src/main/AndroidManifest.xml:21:13-45
	android:windowSoftInputMode
		ADDED from src/main/AndroidManifest.xml:22:13-54
	android:name
		ADDED from src/main/AndroidManifest.xml:20:13-42
intent-filter#action:name:android.intent.action.MAIN+category:name:android.intent.category.LAUNCHER
ADDED from src/main/AndroidManifest.xml:23:13-27:29
action#android.intent.action.MAIN
ADDED from src/main/AndroidManifest.xml:24:17-69
	android:name
		ADDED from src/main/AndroidManifest.xml:24:25-66
category#android.intent.category.LAUNCHER
ADDED from src/main/AndroidManifest.xml:26:17-77
	android:name
		ADDED from src/main/AndroidManifest.xml:26:27-74
activity#com.experitest.ExperiBank.PaymentHomeActivity
ADDED from src/main/AndroidManifest.xml:29:9-32:20
	android:windowSoftInputMode
		ADDED from src/main/AndroidManifest.xml:31:13-54
	android:name
		ADDED from src/main/AndroidManifest.xml:30:13-47
activity#com.experitest.ExperiBank.MakePaymentActivity
ADDED from src/main/AndroidManifest.xml:33:9-36:20
	android:windowSoftInputMode
		ADDED from src/main/AndroidManifest.xml:35:13-54
	android:name
		ADDED from src/main/AndroidManifest.xml:34:13-47
activity#com.experitest.ExperiBank.CountryListActivity
ADDED from src/main/AndroidManifest.xml:37:9-40:20
	android:windowSoftInputMode
		ADDED from src/main/AndroidManifest.xml:39:13-54
	android:name
		ADDED from src/main/AndroidManifest.xml:38:13-47
activity#com.experitest.ExperiBank.MorgageRequestOneActivity
ADDED from src/main/AndroidManifest.xml:41:9-44:20
	android:windowSoftInputMode
		ADDED from src/main/AndroidManifest.xml:43:13-54
	android:name
		ADDED from src/main/AndroidManifest.xml:42:13-53
activity#com.experitest.ExperiBank.MorgageRequestTwoActivity
ADDED from src/main/AndroidManifest.xml:45:9-48:20
	android:windowSoftInputMode
		ADDED from src/main/AndroidManifest.xml:47:13-54
	android:name
		ADDED from src/main/AndroidManifest.xml:46:13-53
activity#com.experitest.ExperiBank.ExpenseReportActivity
ADDED from src/main/AndroidManifest.xml:49:9-52:20
	android:windowSoftInputMode
		ADDED from src/main/AndroidManifest.xml:51:13-54
	android:name
		ADDED from src/main/AndroidManifest.xml:50:13-49